<?xml version="1.0" encoding="UTF-8"?>
<testsuite name="testRunner.TestRunner" time="0.873" tests="19" errors="0" skipped="0" failures="0">
  <properties>
[...]
</properties>
  <testcase name="Given user naviagte to the website of saucedemo.com" classname="| firstName | lastName | postalCode |" time="0.002"/>
  <testcase name="When user provide username as &quot;userName&quot; and password as &quot;password&quot; in through Login Window" classname="| firstName | lastName | postalCode |" time="0"/>
  <testcase name="And click on Login button" classname="| firstName | lastName | postalCode |" time="0"/>
  <testcase name="Then Login must be successful" classname="| firstName | lastName | postalCode |" time="0"/>
  <testcase name="Given user is on product page" classname="| firstName | lastName | postalCode |" time="0"/>
  <testcase name="When user sort out the price from high to low" classname="| firstName | lastName | postalCode |" time="0"/>
  <testcase name="Then prices for product must be in high to low" classname="| firstName | lastName | postalCode |" time="0"/>
  <testcase name="When user add cheapest and second costaliest price product to cart" classname="| firstName | lastName | postalCode |" time="0"/>
  <testcase name="And user navigate to cart page" classname="| firstName | lastName | postalCode |" time="0"/>
  <testcase name="Then products should be added to the cart" classname="| firstName | lastName | postalCode |" time="0"/>
  <testcase name="When click on Checkout link" classname="| firstName | lastName | postalCode |" time="0"/>
  <testcase name="Then user must naviagte to checkout page" classname="| firstName | lastName | postalCode |" time="0"/>
  <testcase name="When user provide details for first name, LastName and postal Code as &quot;firstName&quot;, &quot;lastName&quot; , &quot;postalCode&quot;" classname="| firstName | lastName | postalCode |" time="0"/>
  <testcase name="And click on Continue link at checkout page" classname="| firstName | lastName | postalCode |" time="0"/>
  <testcase name="Then user must navigate Checkout OverView Page" classname="| firstName | lastName | postalCode |" time="0"/>
  <testcase name="And added products should be visisble at checkout page" classname="| firstName | lastName | postalCode |" time="0"/>
  <testcase name="When user click on Finsih button at checkout overview page" classname="| firstName | lastName | postalCode |" time="0"/>
  <testcase name="Then order must be completed" classname="| firstName | lastName | postalCode |" time="0"/>
  <testcase name="| firstName | lastName | postalCode |" classname="| firstName | lastName | postalCode |" time="0.871"/>
</testsuite>